\BOOKMARK [1][-]{section.1}{Introducci\363n}{}% 1
\BOOKMARK [1][-]{section.2}{Desarrollo}{}% 2
\BOOKMARK [2][-]{subsection.2.1}{Ejercicio 1}{section.2}% 3
\BOOKMARK [3][-]{subsubsection.2.1.1}{Segmentos de c\363digo, datos y de pantalla}{subsection.2.1}% 4
\BOOKMARK [3][-]{subsubsection.2.1.2}{Modo protegido y pila del kernel}{subsection.2.1}% 5
\BOOKMARK [3][-]{subsubsection.2.1.3}{Limpieza e inicializaci\363n de la pantalla}{subsection.2.1}% 6
\BOOKMARK [2][-]{subsection.2.2}{Ejercicio 2}{section.2}% 7
\BOOKMARK [3][-]{subsubsection.2.2.1}{Rutinas de atenci\363n a las excepciones del procesador}{subsection.2.2}% 8
\BOOKMARK [2][-]{subsection.2.3}{Ejercicio 3}{section.2}% 9
\BOOKMARK [3][-]{subsubsection.2.3.1}{Paginaci\363n}{subsection.2.3}% 10
\BOOKMARK [3][-]{subsubsection.2.3.2}{Directorio y tablas de p\341ginas del kernel}{subsection.2.3}% 11
\BOOKMARK [3][-]{subsubsection.2.3.3}{Activaci\363n de paginaci\363n}{subsection.2.3}% 12
\BOOKMARK [2][-]{subsection.2.4}{Ejercicio 4}{section.2}% 13
\BOOKMARK [3][-]{subsubsection.2.4.1}{Manejador de memoria}{subsection.2.4}% 14
\BOOKMARK [3][-]{subsubsection.2.4.2}{Asignaci\363n de p\341ginas}{subsection.2.4}% 15
\BOOKMARK [3][-]{subsubsection.2.4.3}{Eliminaci\363n de p\341ginas}{subsection.2.4}% 16
\BOOKMARK [3][-]{subsubsection.2.4.4}{Directorios de las tareas pirata}{subsection.2.4}% 17
\BOOKMARK [2][-]{subsection.2.5}{Ejercicio 5}{section.2}% 18
\BOOKMARK [3][-]{subsubsection.2.5.1}{IDT}{subsection.2.5}% 19
\BOOKMARK [2][-]{subsection.2.6}{Ejercicio 6}{section.2}% 20
\BOOKMARK [3][-]{subsubsection.2.6.1}{TSS}{subsection.2.6}% 21
\BOOKMARK [2][-]{subsection.2.7}{Ejercicio 7: Estructuras Y L\363gica De Juego}{section.2}% 22
\BOOKMARK [3][-]{subsubsection.2.7.1}{Estructuras}{subsection.2.7}% 23
\BOOKMARK [3][-]{subsubsection.2.7.2}{L\363gica del juego}{subsection.2.7}% 24
\BOOKMARK [3][-]{subsubsection.2.7.3}{Interrupci\363n de teclado}{subsection.2.7}% 25
\BOOKMARK [3][-]{subsubsection.2.7.4}{Interrupci\363n de reloj}{subsection.2.7}% 26
\BOOKMARK [3][-]{subsubsection.2.7.5}{Interrupci\363n de software 0x46}{subsection.2.7}% 27
\BOOKMARK [3][-]{subsubsection.2.7.6}{Excepciones \(0 a 19\)}{subsection.2.7}% 28
